<?xml version="1.0" encoding="UTF-8"?>
<testng-results skipped="0" failed="0" ignored="0" total="1" passed="1">
  <reporter-output>
  </reporter-output>
  <suite name="Default suite" duration-ms="37768" started-at="2018-10-23T06:02:19Z" finished-at="2018-10-23T06:02:57Z">
    <groups>
    </groups>
    <test name="Default test" duration-ms="37768" started-at="2018-10-23T06:02:19Z" finished-at="2018-10-23T06:02:57Z">
      <class name="com.barcodetest.BarcodeTest">
        <test-method status="PASS" signature="barcodeTest()[pri:0, instance:com.barcodetest.BarcodeTest@59fa1d9b]" name="barcodeTest" duration-ms="37728" started-at="2018-10-23T06:02:19Z" finished-at="2018-10-23T06:02:57Z">
          <reporter-output>
          </reporter-output>
        </test-method> <!-- barcodeTest -->
      </class> <!-- com.barcodetest.BarcodeTest -->
    </test> <!-- Default test -->
  </suite> <!-- Default suite -->
</testng-results>
